<?xml version="1.0" encoding="UTF-8"?>
<!-- Generated by org.testng.reporters.JUnitReportReporter -->
<testsuite hostname="Sarawat" failures="0" tests="2" name="com.facebook.loginTests.LoginTest" time="8.043" errors="0" timestamp="2023-10-12T22:09:44 EDT" skipped="0">
  <testcase classname="com.facebook.loginTests.LoginTest" name="loginTest1" time="2.630"/>
  <system-out/>
  <testcase classname="com.facebook.loginTests.LoginTest" name="loginTest" time="5.413"/>
  <system-out/>
</testsuite> <!-- com.facebook.loginTests.LoginTest -->
