<?xml version="1.0" encoding="UTF-8"?>
<!-- Generated by org.testng.reporters.JUnitReportReporter -->
<testsuite hostname="Sarawat" failures="0" tests="1" name="com.facebook.registrationTest.RegistrationTest" time="4.608" errors="0" timestamp="2023-10-12T22:25:10 EDT" skipped="0">
  <testcase classname="com.facebook.registrationTest.RegistrationTest" name="CreateRegistrationTest" time="4.608"/>
  <system-out/>
</testsuite> <!-- com.facebook.registrationTest.RegistrationTest -->
